<?xml version="1.0" encoding="UTF-8"?>
<!-- Generated by org.testng.reporters.JUnitXMLReporter -->
<testsuite ignored="5" hostname="DESKTOP-24HNAOI" failures="0" tests="3" name="Default test" time="8.121" errors="0" timestamp="2025-05-24T23:27:56 EET">
  <testcase classname="AlmosaferAutomatedTesting" name="SelectCountry" time="4.069"/>
  <testcase classname="AlmosaferAutomatedTesting" name="FlightDepatureDate" time="0.122"/>
  <testcase classname="AlmosaferAutomatedTesting" name="FlightArrivalDate" time="0.033"/>
  <testcase classname="AlmosaferAutomatedTesting" name="HotelSearchTabIsNotSelectedByDefault" time="0.0">
    <ignored/>
  </testcase> <!-- HotelSearchTabIsNotSelectedByDefault -->
  <testcase classname="AlmosaferAutomatedTesting" name="VerifyQitafLogoInFooter" time="0.0">
    <ignored/>
  </testcase> <!-- VerifyQitafLogoInFooter -->
  <testcase classname="AlmosaferAutomatedTesting" name="CheckLanguage" time="0.0">
    <ignored/>
  </testcase> <!-- CheckLanguage -->
  <testcase classname="AlmosaferAutomatedTesting" name="CheckCurrency" time="0.0">
    <ignored/>
  </testcase> <!-- CheckCurrency -->
  <testcase classname="AlmosaferAutomatedTesting" name="CheckContactNumber" time="0.0">
    <ignored/>
  </testcase> <!-- CheckContactNumber -->
</testsuite> <!-- Default test -->
