<?xml version="1.0" encoding="UTF-8"?>
<!-- Generated by org.testng.reporters.JUnitXMLReporter -->
<testsuite ignored="7" hostname="DESKTOP-24HNAOI" failures="0" tests="5" name="Default test" time="71.295" errors="0" timestamp="2025-05-26T22:39:50 EET">
  <testcase classname="AlmosaferAutomatedTesting" name="SelectCountry" time="4.478"/>
  <testcase classname="AlmosaferAutomatedTesting" name="RandomLanguage" time="5.928"/>
  <testcase classname="AlmosaferAutomatedTesting" name="SwitchToHotelTab" time="6.985"/>
  <testcase classname="AlmosaferAutomatedTesting" name="SelectRoom" time="47.236"/>
  <testcase classname="AlmosaferAutomatedTesting" name="CheckTheFinalResultIsRetrived" time="0.46"/>
  <testcase classname="AlmosaferAutomatedTesting" name="FlightArrivalDate" time="0.0">
    <ignored/>
  </testcase> <!-- FlightArrivalDate -->
  <testcase classname="AlmosaferAutomatedTesting" name="HotelSearchTabIsNotSelectedByDefault" time="0.0">
    <ignored/>
  </testcase> <!-- HotelSearchTabIsNotSelectedByDefault -->
  <testcase classname="AlmosaferAutomatedTesting" name="FlightDepatureDate" time="0.0">
    <ignored/>
  </testcase> <!-- FlightDepatureDate -->
  <testcase classname="AlmosaferAutomatedTesting" name="VerifyQitafLogoInFooter" time="0.0">
    <ignored/>
  </testcase> <!-- VerifyQitafLogoInFooter -->
  <testcase classname="AlmosaferAutomatedTesting" name="CheckLanguage" time="0.0">
    <ignored/>
  </testcase> <!-- CheckLanguage -->
  <testcase classname="AlmosaferAutomatedTesting" name="CheckCurrency" time="0.0">
    <ignored/>
  </testcase> <!-- CheckCurrency -->
  <testcase classname="AlmosaferAutomatedTesting" name="CheckContactNumber" time="0.0">
    <ignored/>
  </testcase> <!-- CheckContactNumber -->
</testsuite> <!-- Default test -->
