<?xml version="1.0" encoding="UTF-8"?>
<testng-results ignored="5" total="8" passed="3" failed="0" skipped="0">
  <reporter-output>
  </reporter-output>
  <suite started-at="2025-05-24T23:27:47 EET" name="Default suite" finished-at="2025-05-24T23:27:55 EET" duration-ms="8121">
    <groups>
    </groups>
    <test started-at="2025-05-24T23:27:47 EET" name="Default test" finished-at="2025-05-24T23:27:55 EET" duration-ms="8121">
      <class name="AlmosaferAutomatedTesting">
        <test-method is-config="true" signature="mySetup()[pri:0, instance:AlmosaferAutomatedTesting@56113384]" started-at="2025-05-24T23:27:47 EET" name="mySetup" finished-at="2025-05-24T23:27:51 EET" duration-ms="3680" status="PASS">
          <reporter-output>
          </reporter-output>
        </test-method> <!-- mySetup -->
        <test-method signature="SelectCountry()[pri:1, instance:AlmosaferAutomatedTesting@56113384]" started-at="2025-05-24T23:27:51 EET" name="SelectCountry" finished-at="2025-05-24T23:27:55 EET" duration-ms="4069" status="PASS">
          <reporter-output>
          </reporter-output>
        </test-method> <!-- SelectCountry -->
        <test-method signature="FlightDepatureDate()[pri:7, instance:AlmosaferAutomatedTesting@56113384]" started-at="2025-05-24T23:27:55 EET" name="FlightDepatureDate" finished-at="2025-05-24T23:27:55 EET" duration-ms="122" status="PASS">
          <reporter-output>
          </reporter-output>
        </test-method> <!-- FlightDepatureDate -->
        <test-method signature="FlightArrivalDate()[pri:8, instance:AlmosaferAutomatedTesting@56113384]" started-at="2025-05-24T23:27:55 EET" name="FlightArrivalDate" finished-at="2025-05-24T23:27:55 EET" duration-ms="33" status="PASS">
          <reporter-output>
          </reporter-output>
        </test-method> <!-- FlightArrivalDate -->
      </class> <!-- AlmosaferAutomatedTesting -->
    </test> <!-- Default test -->
  </suite> <!-- Default suite -->
</testng-results>
